<?xml version="1.0" encoding="UTF-8"?>
<testsuite name="TaskTest" tests="1" skipped="0" failures="0" errors="0" timestamp="2015-08-20T04:37:11" hostname="Leslies-MacBook-Pro.local" time="0.0">
  <properties/>
  <testcase name="Task_instantiatesCorrectly_true" classname="TaskTest" time="0.0"/>
  <system-out><![CDATA[]]></system-out>
  <system-err><![CDATA[]]></system-err>
</testsuite>
